<?xml version="1.0" encoding="UTF-8"?>
<!-- Generated by org.testng.reporters.JUnitReportReporter -->
<testsuite hostname="angelohb" failures="0" tests="1" name="com.inetbanking.testCases.TC_AddCustomerTest_003" time="16.227" errors="0" timestamp="2020-01-10T11:40:39 PET" skipped="0">
  <testcase classname="com.inetbanking.testCases.TC_AddCustomerTest_003" name="addNewCustomer" time="16.227"/>
  <system-out/>
</testsuite> <!-- com.inetbanking.testCases.TC_AddCustomerTest_003 -->
