<?xml version="1.0" encoding="UTF-8"?>
<!-- Generated by org.testng.reporters.JUnitReportReporter -->
<testsuite hostname="angelohb" failures="0" tests="1" name="com.inetbanking.testCases.TC_LoginTest_001" time="1.618" errors="0" timestamp="2020-01-11T22:40:58 PET" skipped="0">
  <testcase classname="com.inetbanking.testCases.TC_LoginTest_001" name="loginTest" time="1.618"/>
  <system-out/>
</testsuite> <!-- com.inetbanking.testCases.TC_LoginTest_001 -->
