<?xml version="1.0" encoding="UTF-8"?>
<!-- Generated by org.testng.reporters.JUnitReportReporter -->
<testsuite hostname="angelohb" failures="0" tests="1" name="com.inetbanking.testCases.TC_AddCustomerTest_003" time="20.732" errors="0" timestamp="2020-01-11T22:40:58 PET" skipped="0">
  <testcase classname="com.inetbanking.testCases.TC_AddCustomerTest_003" name="addNewCustomer" time="20.732"/>
  <system-out/>
</testsuite> <!-- com.inetbanking.testCases.TC_AddCustomerTest_003 -->
